This file contains any messages produced by compilers while
running configure, to aid debugging if configure makes a mistake.

It was created by configure, which was
generated by GNU Autoconf 2.61.  Invocation command line was

  $ ./configure --enable-recommender

## --------- ##
## Platform. ##
## --------- ##

hostname = gingavm.telemidia.puc-rio.br
uname -m = i686
uname -r = 2.6.23.17-88.fc7
uname -s = Linux
uname -v = #1 SMP Thu May 15 00:35:10 EDT 2008

/usr/bin/uname -p = unknown
/bin/uname -X     = unknown

/bin/arch              = i686
/usr/bin/arch -k       = unknown
/usr/convex/getsysinfo = unknown
/usr/bin/hostinfo      = unknown
/bin/machine           = unknown
/usr/bin/oslevel       = unknown
/bin/universe          = unknown

PATH: /usr/kerberos/sbin
PATH: /usr/kerberos/bin
PATH: /usr/local/sbin
PATH: /usr/local/bin
PATH: /sbin
PATH: /bin
PATH: /usr/sbin
PATH: /usr/bin
PATH: /root/bin


## ----------- ##
## Core tests. ##
## ----------- ##

configure:1983: checking for a BSD-compatible install
configure:2039: result: /usr/bin/install -c
configure:2050: checking whether build environment is sane
configure:2093: result: yes
configure:2121: checking for a thread-safe mkdir -p
configure:2160: result: /bin/mkdir -p
configure:2173: checking for gawk
configure:2189: found /bin/gawk
configure:2200: result: gawk
configure:2211: checking whether make sets $(MAKE)
configure:2232: result: yes
configure:2485: checking for g++
configure:2501: found /usr/bin/g++
configure:2512: result: g++
configure:2543: checking for C++ compiler version
configure:2550: g++ --version >&5
g++ (GCC) 4.1.2 20070925 (Red Hat 4.1.2-27)
Copyright (C) 2006 Free Software Foundation, Inc.
This is free software; see the source for copying conditions.  There is NO
warranty; not even for MERCHANTABILITY or FITNESS FOR A PARTICULAR PURPOSE.

configure:2553: $? = 0
configure:2560: g++ -v >&5
Using built-in specs.
Target: i386-redhat-linux
Configured with: ../configure --prefix=/usr --mandir=/usr/share/man --infodir=/usr/share/info --enable-shared --enable-threads=posix --enable-checking=release --with-system-zlib --enable-__cxa_atexit --disable-libunwind-exceptions --enable-languages=c,c++,objc,obj-c++,java,fortran,ada --enable-java-awt=gtk --disable-dssi --enable-plugin --with-java-home=/usr/lib/jvm/java-1.5.0-gcj-1.5.0.0/jre --enable-libgcj-multifile --enable-java-maintainer-mode --with-ecj-jar=/usr/share/java/eclipse-ecj.jar --with-cpu=generic --host=i386-redhat-linux
Thread model: posix
gcc version 4.1.2 20070925 (Red Hat 4.1.2-27)
configure:2563: $? = 0
configure:2570: g++ -V >&5
g++: '-V' option must have argument
configure:2573: $? = 1
configure:2596: checking for C++ compiler default output file name
configure:2623: g++    conftest.cpp  >&5
configure:2626: $? = 0
configure:2664: result: a.out
configure:2681: checking whether the C++ compiler works
configure:2691: ./a.out
configure:2694: $? = 0
configure:2711: result: yes
configure:2718: checking whether we are cross compiling
configure:2720: result: no
configure:2723: checking for suffix of executables
configure:2730: g++ -o conftest    conftest.cpp  >&5
configure:2733: $? = 0
configure:2757: result: 
configure:2763: checking for suffix of object files
configure:2789: g++ -c   conftest.cpp >&5
configure:2792: $? = 0
configure:2815: result: o
configure:2819: checking whether we are using the GNU C++ compiler
configure:2848: g++ -c   conftest.cpp >&5
configure:2854: $? = 0
configure:2871: result: yes
configure:2876: checking whether g++ accepts -g
configure:2906: g++ -c -g  conftest.cpp >&5
configure:2912: $? = 0
configure:3011: result: yes
configure:3045: checking for style of include used by make
configure:3073: result: GNU
configure:3098: checking dependency style of g++
configure:3189: result: gcc3
configure:3282: checking build system type
configure:3300: result: i686-pc-linux-gnu
configure:3322: checking host system type
configure:3337: result: i686-pc-linux-gnu
configure:3407: checking for gcc
configure:3423: found /usr/bin/gcc
configure:3434: result: gcc
configure:3672: checking for C compiler version
configure:3679: gcc --version >&5
gcc (GCC) 4.1.2 20070925 (Red Hat 4.1.2-27)
Copyright (C) 2006 Free Software Foundation, Inc.
This is free software; see the source for copying conditions.  There is NO
warranty; not even for MERCHANTABILITY or FITNESS FOR A PARTICULAR PURPOSE.

configure:3682: $? = 0
configure:3689: gcc -v >&5
Using built-in specs.
Target: i386-redhat-linux
Configured with: ../configure --prefix=/usr --mandir=/usr/share/man --infodir=/usr/share/info --enable-shared --enable-threads=posix --enable-checking=release --with-system-zlib --enable-__cxa_atexit --disable-libunwind-exceptions --enable-languages=c,c++,objc,obj-c++,java,fortran,ada --enable-java-awt=gtk --disable-dssi --enable-plugin --with-java-home=/usr/lib/jvm/java-1.5.0-gcj-1.5.0.0/jre --enable-libgcj-multifile --enable-java-maintainer-mode --with-ecj-jar=/usr/share/java/eclipse-ecj.jar --with-cpu=generic --host=i386-redhat-linux
Thread model: posix
gcc version 4.1.2 20070925 (Red Hat 4.1.2-27)
configure:3692: $? = 0
configure:3699: gcc -V >&5
gcc: '-V' option must have argument
configure:3702: $? = 1
configure:3705: checking whether we are using the GNU C compiler
configure:3734: gcc -c   conftest.c >&5
configure:3740: $? = 0
configure:3757: result: yes
configure:3762: checking whether gcc accepts -g
configure:3792: gcc -c -g  conftest.c >&5
configure:3798: $? = 0
configure:3897: result: yes
configure:3914: checking for gcc option to accept ISO C89
configure:3988: gcc  -c -g -O2  conftest.c >&5
configure:3994: $? = 0
configure:4017: result: none needed
configure:4037: checking dependency style of gcc
configure:4128: result: gcc3
configure:4143: checking for a sed that does not truncate output
configure:4199: result: /bin/sed
configure:4202: checking for grep that handles long lines and -e
configure:4276: result: /bin/grep
configure:4281: checking for egrep
configure:4359: result: /bin/grep -E
configure:4375: checking for ld used by gcc
configure:4442: result: /usr/bin/ld
configure:4451: checking if the linker (/usr/bin/ld) is GNU ld
configure:4466: result: yes
configure:4471: checking for /usr/bin/ld option to reload object files
configure:4478: result: -r
configure:4496: checking for BSD-compatible nm
configure:4545: result: /usr/bin/nm -B
configure:4549: checking whether ln -s works
configure:4553: result: yes
configure:4560: checking how to recognise dependent libraries
configure:4736: result: pass_all
configure:4970: checking how to run the C preprocessor
configure:5010: gcc -E  conftest.c
configure:5016: $? = 0
configure:5047: gcc -E  conftest.c
conftest.c:10:28: error: ac_nonexistent.h: No such file or directory
configure:5053: $? = 1
configure: failed program was:
| /* confdefs.h.  */
| #define PACKAGE_NAME ""
| #define PACKAGE_TARNAME ""
| #define PACKAGE_VERSION ""
| #define PACKAGE_STRING ""
| #define PACKAGE_BUGREPORT ""
| #define PACKAGE "gingancl"
| #define VERSION "0.11.2"
| /* end confdefs.h.  */
| #include <ac_nonexistent.h>
configure:5086: result: gcc -E
configure:5115: gcc -E  conftest.c
configure:5121: $? = 0
configure:5152: gcc -E  conftest.c
conftest.c:10:28: error: ac_nonexistent.h: No such file or directory
configure:5158: $? = 1
configure: failed program was:
| /* confdefs.h.  */
| #define PACKAGE_NAME ""
| #define PACKAGE_TARNAME ""
| #define PACKAGE_VERSION ""
| #define PACKAGE_STRING ""
| #define PACKAGE_BUGREPORT ""
| #define PACKAGE "gingancl"
| #define VERSION "0.11.2"
| /* end confdefs.h.  */
| #include <ac_nonexistent.h>
configure:5196: checking for ANSI C header files
configure:5226: gcc -c -g -O2  conftest.c >&5
configure:5232: $? = 0
configure:5331: gcc -o conftest -g -O2   conftest.c  >&5
configure:5334: $? = 0
configure:5340: ./conftest
configure:5343: $? = 0
configure:5360: result: yes
configure:5384: checking for sys/types.h
configure:5405: gcc -c -g -O2  conftest.c >&5
configure:5411: $? = 0
configure:5427: result: yes
configure:5384: checking for sys/stat.h
configure:5405: gcc -c -g -O2  conftest.c >&5
configure:5411: $? = 0
configure:5427: result: yes
configure:5384: checking for stdlib.h
configure:5405: gcc -c -g -O2  conftest.c >&5
configure:5411: $? = 0
configure:5427: result: yes
configure:5384: checking for string.h
configure:5405: gcc -c -g -O2  conftest.c >&5
configure:5411: $? = 0
configure:5427: result: yes
configure:5384: checking for memory.h
configure:5405: gcc -c -g -O2  conftest.c >&5
configure:5411: $? = 0
configure:5427: result: yes
configure:5384: checking for strings.h
configure:5405: gcc -c -g -O2  conftest.c >&5
configure:5411: $? = 0
configure:5427: result: yes
configure:5384: checking for inttypes.h
configure:5405: gcc -c -g -O2  conftest.c >&5
configure:5411: $? = 0
configure:5427: result: yes
configure:5384: checking for stdint.h
configure:5405: gcc -c -g -O2  conftest.c >&5
configure:5411: $? = 0
configure:5427: result: yes
configure:5384: checking for unistd.h
configure:5405: gcc -c -g -O2  conftest.c >&5
configure:5411: $? = 0
configure:5427: result: yes
configure:5454: checking dlfcn.h usability
configure:5471: gcc -c -g -O2  conftest.c >&5
configure:5477: $? = 0
configure:5491: result: yes
configure:5495: checking dlfcn.h presence
configure:5510: gcc -E  conftest.c
configure:5516: $? = 0
configure:5530: result: yes
configure:5558: checking for dlfcn.h
configure:5566: result: yes
configure:5589: checking how to run the C++ preprocessor
configure:5625: g++ -E  conftest.cpp
configure:5631: $? = 0
configure:5662: g++ -E  conftest.cpp
conftest.cpp:21:28: error: ac_nonexistent.h: No such file or directory
configure:5668: $? = 1
configure: failed program was:
| /* confdefs.h.  */
| #define PACKAGE_NAME ""
| #define PACKAGE_TARNAME ""
| #define PACKAGE_VERSION ""
| #define PACKAGE_STRING ""
| #define PACKAGE_BUGREPORT ""
| #define PACKAGE "gingancl"
| #define VERSION "0.11.2"
| #define STDC_HEADERS 1
| #define HAVE_SYS_TYPES_H 1
| #define HAVE_SYS_STAT_H 1
| #define HAVE_STDLIB_H 1
| #define HAVE_STRING_H 1
| #define HAVE_MEMORY_H 1
| #define HAVE_STRINGS_H 1
| #define HAVE_INTTYPES_H 1
| #define HAVE_STDINT_H 1
| #define HAVE_UNISTD_H 1
| #define HAVE_DLFCN_H 1
| /* end confdefs.h.  */
| #include <ac_nonexistent.h>
configure:5701: result: g++ -E
configure:5730: g++ -E  conftest.cpp
configure:5736: $? = 0
configure:5767: g++ -E  conftest.cpp
conftest.cpp:21:28: error: ac_nonexistent.h: No such file or directory
configure:5773: $? = 1
configure: failed program was:
| /* confdefs.h.  */
| #define PACKAGE_NAME ""
| #define PACKAGE_TARNAME ""
| #define PACKAGE_VERSION ""
| #define PACKAGE_STRING ""
| #define PACKAGE_BUGREPORT ""
| #define PACKAGE "gingancl"
| #define VERSION "0.11.2"
| #define STDC_HEADERS 1
| #define HAVE_SYS_TYPES_H 1
| #define HAVE_SYS_STAT_H 1
| #define HAVE_STDLIB_H 1
| #define HAVE_STRING_H 1
| #define HAVE_MEMORY_H 1
| #define HAVE_STRINGS_H 1
| #define HAVE_INTTYPES_H 1
| #define HAVE_STDINT_H 1
| #define HAVE_UNISTD_H 1
| #define HAVE_DLFCN_H 1
| /* end confdefs.h.  */
| #include <ac_nonexistent.h>
configure:5866: checking for g77
configure:5896: result: no
configure:5866: checking for xlf
configure:5896: result: no
configure:5866: checking for f77
configure:5896: result: no
configure:5866: checking for frt
configure:5896: result: no
configure:5866: checking for pgf77
configure:5896: result: no
configure:5866: checking for cf77
configure:5896: result: no
configure:5866: checking for fort77
configure:5896: result: no
configure:5866: checking for fl32
configure:5896: result: no
configure:5866: checking for af77
configure:5896: result: no
configure:5866: checking for xlf90
configure:5896: result: no
configure:5866: checking for f90
configure:5896: result: no
configure:5866: checking for pgf90
configure:5896: result: no
configure:5866: checking for pghpf
configure:5896: result: no
configure:5866: checking for epcf90
configure:5896: result: no
configure:5866: checking for gfortran
configure:5896: result: no
configure:5866: checking for g95
configure:5896: result: no
configure:5866: checking for xlf95
configure:5896: result: no
configure:5866: checking for f95
configure:5896: result: no
configure:5866: checking for fort
configure:5896: result: no
configure:5866: checking for ifort
configure:5896: result: no
configure:5866: checking for ifc
configure:5896: result: no
configure:5866: checking for efc
configure:5896: result: no
configure:5866: checking for pgf95
configure:5896: result: no
configure:5866: checking for lf95
configure:5896: result: no
configure:5866: checking for ftn
configure:5896: result: no
configure:5923: checking for Fortran 77 compiler version
configure:5930:  --version >&5
./configure: line 5931: --version: command not found
configure:5933: $? = 127
configure:5940:  -v >&5
./configure: line 5941: -v: command not found
configure:5943: $? = 127
configure:5950:  -V >&5
./configure: line 5951: -V: command not found
configure:5953: $? = 127
configure:5961: checking whether we are using the GNU Fortran 77 compiler
configure:5980:  -c  conftest.F >&5
./configure: line 5981: -c: command not found
configure:5986: $? = 127
configure: failed program was:
|       program main
| #ifndef __GNUC__
|        choke me
| #endif
| 
|       end
configure:6003: result: no
configure:6009: checking whether  accepts -g
configure:6026:  -c -g conftest.f >&5
./configure: line 6027: -c: command not found
configure:6032: $? = 127
configure: failed program was:
|       program main
| 
|       end
configure:6048: result: no
configure:6078: checking the maximum length of command line arguments
configure:6187: result: 32768
configure:6198: checking command to parse /usr/bin/nm -B output from gcc object
configure:6303: g++ -c -g -O2  conftest.cpp >&5
configure:6306: $? = 0
configure:6310: /usr/bin/nm -B conftest.o \| sed -n -e 's/^.*[ 	]\([ABCDGIRSTW][ABCDGIRSTW]*\)[ 	][ 	]*\([_A-Za-z][_A-Za-z0-9]*\)$/\1 \2 \2/p' \> conftest.nm
configure:6313: $? = 0
configure:6365: g++ -o conftest -g -O2   conftest.cpp conftstm.o >&5
configure:6368: $? = 0
configure:6406: result: ok
configure:6410: checking for objdir
configure:6425: result: .libs
configure:6517: checking for ar
configure:6533: found /usr/bin/ar
configure:6544: result: ar
configure:6613: checking for ranlib
configure:6629: found /usr/bin/ranlib
configure:6640: result: ranlib
configure:6709: checking for strip
configure:6725: found /usr/bin/strip
configure:6736: result: strip
configure:7022: checking if gcc supports -fno-rtti -fno-exceptions
configure:7040: gcc -c -g -O2  -fno-rtti -fno-exceptions conftest.c >&5
cc1: warning: command line option "-fno-rtti" is valid for C++/ObjC++ but not for C
configure:7044: $? = 0
configure:7057: result: no
configure:7072: checking for gcc option to produce PIC
configure:7282: result: -fPIC
configure:7290: checking if gcc PIC flag -fPIC works
configure:7308: gcc -c -g -O2  -fPIC -DPIC conftest.c >&5
configure:7312: $? = 0
configure:7325: result: yes
configure:7353: checking if gcc static flag -static works
configure:7381: result: yes
configure:7391: checking if gcc supports -c -o file.o
configure:7412: gcc -c -g -O2  -o out/conftest2.o conftest.c >&5
configure:7416: $? = 0
configure:7438: result: yes
configure:7464: checking whether the gcc linker (/usr/bin/ld) supports shared libraries
configure:8418: result: yes
configure:8439: checking whether -lc should be explicitly linked in
configure:8444: gcc -c -g -O2  conftest.c >&5
configure:8447: $? = 0
configure:8462: gcc -shared conftest.o  -v -Wl,-soname -Wl,conftest -o conftest 2\>\&1 \| grep  -lc  \>/dev/null 2\>\&1
configure:8465: $? = 0
configure:8477: result: no
configure:8485: checking dynamic linker characteristics
configure:9094: result: GNU/Linux ld.so
configure:9103: checking how to hardcode library paths into programs
configure:9128: result: immediate
configure:9142: checking whether stripping libraries is possible
configure:9147: result: yes
configure:9948: checking if libtool supports shared libraries
configure:9950: result: yes
configure:9953: checking whether to build shared libraries
configure:9974: result: yes
configure:9977: checking whether to build static libraries
configure:9981: result: yes
configure:10073: creating libtool
configure:10661: checking for ld used by g++
configure:10728: result: /usr/bin/ld
configure:10737: checking if the linker (/usr/bin/ld) is GNU ld
configure:10752: result: yes
configure:10803: checking whether the g++ linker (/usr/bin/ld) supports shared libraries
configure:11737: result: yes
configure:11755: g++ -c -g -O2  conftest.cpp >&5
configure:11758: $? = 0
configure:11877: checking for g++ option to produce PIC
configure:12151: result: -fPIC
configure:12159: checking if g++ PIC flag -fPIC works
configure:12177: g++ -c -g -O2  -fPIC -DPIC conftest.cpp >&5
configure:12181: $? = 0
configure:12194: result: yes
configure:12222: checking if g++ static flag -static works
configure:12250: result: yes
configure:12260: checking if g++ supports -c -o file.o
configure:12281: g++ -c -g -O2  -o out/conftest2.o conftest.cpp >&5
configure:12285: $? = 0
configure:12307: result: yes
configure:12333: checking whether the g++ linker (/usr/bin/ld) supports shared libraries
configure:12358: result: yes
configure:12425: checking dynamic linker characteristics
configure:13034: result: GNU/Linux ld.so
configure:13043: checking how to hardcode library paths into programs
configure:13068: result: immediate
configure:19286: checking util/functions.h usability
configure:19303: g++ -c -fPIC -g -O2 -I/usr/local/include/ginga/ -I/usr/local/include/ -I/usr/include/  conftest.cpp >&5
configure:19309: $? = 0
configure:19323: result: yes
configure:19327: checking util/functions.h presence
configure:19342: g++ -E -I/usr/local/include/ginga/ -I/usr/local/include/ -I/usr/include/  conftest.cpp
configure:19348: $? = 0
configure:19362: result: yes
configure:19390: checking for util/functions.h
configure:19397: result: yes
configure:19434: checking ncl/Entity.h usability
configure:19451: g++ -c -fPIC -g -O2 -I/usr/local/include/ginga/ -I/usr/local/include/ -I/usr/include/  conftest.cpp >&5
configure:19457: $? = 0
configure:19471: result: yes
configure:19475: checking ncl/Entity.h presence
configure:19490: g++ -E -I/usr/local/include/ginga/ -I/usr/local/include/ -I/usr/include/  conftest.cpp
configure:19496: $? = 0
configure:19510: result: yes
configure:19538: checking for ncl/Entity.h
configure:19545: result: yes
configure:19594: checking contextmanager/IContextManager.h usability
configure:19611: g++ -c -fPIC -g -O2 -I/usr/local/include/ginga/ -I/usr/local/include/ -I/usr/include/  conftest.cpp >&5
configure:19617: $? = 0
configure:19631: result: yes
configure:19635: checking contextmanager/IContextManager.h presence
configure:19650: g++ -E -I/usr/local/include/ginga/ -I/usr/local/include/ -I/usr/include/  conftest.cpp
configure:19656: $? = 0
configure:19670: result: yes
configure:19698: checking for contextmanager/IContextManager.h
configure:19705: result: yes
configure:19742: checking multidevice/IRemoteDeviceManager.h usability
configure:19759: g++ -c -fPIC -g -O2 -I/usr/local/include/ginga/ -I/usr/local/include/ -I/usr/include/  conftest.cpp >&5
configure:19765: $? = 0
configure:19779: result: yes
configure:19783: checking multidevice/IRemoteDeviceManager.h presence
configure:19798: g++ -E -I/usr/local/include/ginga/ -I/usr/local/include/ -I/usr/include/  conftest.cpp
configure:19804: $? = 0
configure:19818: result: yes
configure:19846: checking for multidevice/IRemoteDeviceManager.h
configure:19853: result: yes
configure:19890: checking system/thread/Thread.h usability
configure:19907: g++ -c -fPIC -g -O2 -I/usr/local/include/ginga/ -I/usr/local/include/ -I/usr/include/  conftest.cpp >&5
configure:19913: $? = 0
configure:19927: result: yes
configure:19931: checking system/thread/Thread.h presence
configure:19946: g++ -E -I/usr/local/include/ginga/ -I/usr/local/include/ -I/usr/include/  conftest.cpp
configure:19952: $? = 0
configure:19966: result: yes
configure:19994: checking for system/thread/Thread.h
configure:20001: result: yes
configure:20038: checking ic/IInteractiveChannelListener.h usability
configure:20055: g++ -c -fPIC -g -O2 -I/usr/local/include/ginga/ -I/usr/local/include/ -I/usr/include/  conftest.cpp >&5
configure:20061: $? = 0
configure:20075: result: yes
configure:20079: checking ic/IInteractiveChannelListener.h presence
configure:20094: g++ -E -I/usr/local/include/ginga/ -I/usr/local/include/ -I/usr/include/  conftest.cpp
configure:20100: $? = 0
configure:20114: result: yes
configure:20142: checking for ic/IInteractiveChannelListener.h
configure:20149: result: yes
configure:20197: checking recommender/sqlite3.h usability
configure:20214: g++ -c -fPIC -g -O2 -I/usr/local/include/ginga/ -I/usr/local/include/ -I/usr/include/  conftest.cpp >&5
configure:20220: $? = 0
configure:20234: result: yes
configure:20238: checking recommender/sqlite3.h presence
configure:20253: g++ -E -I/usr/local/include/ginga/ -I/usr/local/include/ -I/usr/include/  conftest.cpp
configure:20259: $? = 0
configure:20273: result: yes
configure:20301: checking for recommender/sqlite3.h
configure:20308: result: yes
configure:20376: checking player/IPlayerListener.h usability
configure:20393: g++ -c -fPIC -g -O2 -I/usr/local/include/ginga/ -I/usr/local/include/ -I/usr/include/  conftest.cpp >&5
configure:20399: $? = 0
configure:20413: result: yes
configure:20417: checking player/IPlayerListener.h presence
configure:20432: g++ -E -I/usr/local/include/ginga/ -I/usr/local/include/ -I/usr/include/  conftest.cpp
configure:20438: $? = 0
configure:20452: result: yes
configure:20480: checking for player/IPlayerListener.h
configure:20487: result: yes
configure:20520: checking for main in -ltelemidiautil
configure:20549: g++ -o conftest -fPIC -g -O2 -I/usr/local/include/ginga/ -I/usr/local/include/ -I/usr/include/  -L/usr/local/lib/ginga/iocontents -L/usr/local/lib/ginga/ -L/usr/local/lib/ -L/usr/lib/  conftest.cpp -ltelemidiautil   >&5
configure:20555: $? = 0
configure:20573: result: yes
configure:20604: checking for main in -lncl30
configure:20633: g++ -o conftest -fPIC -g -O2 -I/usr/local/include/ginga/ -I/usr/local/include/ -I/usr/include/  -L/usr/local/lib/ginga/iocontents -L/usr/local/lib/ginga/ -L/usr/local/lib/ -L/usr/lib/  conftest.cpp -lncl30  -ltelemidiautil  >&5
configure:20639: $? = 0
configure:20657: result: yes
configure:20688: checking for main in -lgingaccsystemthread
configure:20717: g++ -o conftest -fPIC -g -O2 -I/usr/local/include/ginga/ -I/usr/local/include/ -I/usr/include/  -L/usr/local/lib/ginga/iocontents -L/usr/local/lib/ginga/ -L/usr/local/lib/ -L/usr/lib/  conftest.cpp -lgingaccsystemthread  -lncl30 -ltelemidiautil  >&5
configure:20723: $? = 0
configure:20741: result: yes
configure:20772: checking for main in -lgingaccplayer
configure:20801: g++ -o conftest -fPIC -g -O2 -I/usr/local/include/ginga/ -I/usr/local/include/ -I/usr/include/  -L/usr/local/lib/ginga/iocontents -L/usr/local/lib/ginga/ -L/usr/local/lib/ -L/usr/lib/  conftest.cpp -lgingaccplayer  -lgingaccsystemthread -lncl30 -ltelemidiautil  >&5
configure:20807: $? = 0
configure:20825: result: yes
configure:21074: result: *** Component support will be built.
configure:21234: creating ./config.status

## ---------------------- ##
## Running config.status. ##
## ---------------------- ##

This file was extended by config.status, which was
generated by GNU Autoconf 2.61.  Invocation command line was

  CONFIG_FILES    = 
  CONFIG_HEADERS  = 
  CONFIG_LINKS    = 
  CONFIG_COMMANDS = 
  $ ./config.status 

on gingavm.telemidia.puc-rio.br

config.status:695: creating Makefile
config.status:695: creating files/Makefile
config.status:695: creating include/model/Makefile
config.status:695: creating include/prefetch/Makefile
config.status:695: creating include/adapters/Makefile
config.status:695: creating include/multidevice/Makefile
config.status:695: creating include/Makefile
config.status:695: creating src/model/Makefile
config.status:695: creating src/adaptation/Makefile
config.status:695: creating src/emconverter/Makefile
config.status:695: creating src/adapters/Makefile
config.status:695: creating src/adapters/av/Makefile
config.status:695: creating src/adapters/image/Makefile
config.status:695: creating src/adapters/text/Makefile
config.status:695: creating src/adapters/application/Makefile
config.status:695: creating src/adapters/application/declarative/ncl/Makefile
config.status:695: creating src/adapters/application/declarative/xhtml/Makefile
config.status:695: creating src/adapters/application/imperative/lua/Makefile
config.status:695: creating src/multidevice/Makefile
config.status:695: creating src/focus/Makefile
config.status:695: creating src/gfx/Makefile
config.status:695: creating src/prefetch/Makefile
config.status:695: creating src/Makefile
config.status:695: creating test/Makefile
config.status:695: creating config.h
config.status:928: config.h is unchanged
config.status:974: executing depfiles commands
configure:22545: result:
Build options:
  Module directory                    
  Ginga CC Player With NCLET Support  no


## ---------------- ##
## Cache variables. ##
## ---------------- ##

ac_cv_build=i686-pc-linux-gnu
ac_cv_c_compiler_gnu=yes
ac_cv_cxx_compiler_gnu=yes
ac_cv_env_CCC_set=
ac_cv_env_CCC_value=
ac_cv_env_CC_set=
ac_cv_env_CC_value=
ac_cv_env_CFLAGS_set=
ac_cv_env_CFLAGS_value=
ac_cv_env_CPPFLAGS_set=
ac_cv_env_CPPFLAGS_value=
ac_cv_env_CPP_set=
ac_cv_env_CPP_value=
ac_cv_env_CXXCPP_set=
ac_cv_env_CXXCPP_value=
ac_cv_env_CXXFLAGS_set=
ac_cv_env_CXXFLAGS_value=
ac_cv_env_CXX_set=
ac_cv_env_CXX_value=
ac_cv_env_F77_set=
ac_cv_env_F77_value=
ac_cv_env_FFLAGS_set=
ac_cv_env_FFLAGS_value=
ac_cv_env_LDFLAGS_set=
ac_cv_env_LDFLAGS_value=
ac_cv_env_LIBS_set=
ac_cv_env_LIBS_value=
ac_cv_env_build_alias_set=
ac_cv_env_build_alias_value=
ac_cv_env_host_alias_set=
ac_cv_env_host_alias_value=
ac_cv_env_target_alias_set=
ac_cv_env_target_alias_value=
ac_cv_f77_compiler_gnu=no
ac_cv_header_contextmanager_IContextManager_h=yes
ac_cv_header_dlfcn_h=yes
ac_cv_header_ic_IInteractiveChannelListener_h=yes
ac_cv_header_inttypes_h=yes
ac_cv_header_memory_h=yes
ac_cv_header_multidevice_IRemoteDeviceManager_h=yes
ac_cv_header_ncl_Entity_h=yes
ac_cv_header_player_IPlayerListener_h=yes
ac_cv_header_recommender_sqlite3_h=yes
ac_cv_header_stdc=yes
ac_cv_header_stdint_h=yes
ac_cv_header_stdlib_h=yes
ac_cv_header_string_h=yes
ac_cv_header_strings_h=yes
ac_cv_header_sys_stat_h=yes
ac_cv_header_sys_types_h=yes
ac_cv_header_system_thread_Thread_h=yes
ac_cv_header_unistd_h=yes
ac_cv_header_util_functions_h=yes
ac_cv_host=i686-pc-linux-gnu
ac_cv_lib_gingaccplayer=ac_cv_lib_gingaccplayer_main
ac_cv_lib_gingaccplayer_main=yes
ac_cv_lib_gingaccsystemthread=ac_cv_lib_gingaccsystemthread_main
ac_cv_lib_gingaccsystemthread_main=yes
ac_cv_lib_ncl30=ac_cv_lib_ncl30_main
ac_cv_lib_ncl30_main=yes
ac_cv_lib_telemidiautil=ac_cv_lib_telemidiautil_main
ac_cv_lib_telemidiautil_main=yes
ac_cv_objext=o
ac_cv_path_EGREP='/bin/grep -E'
ac_cv_path_GREP=/bin/grep
ac_cv_path_install='/usr/bin/install -c'
ac_cv_path_mkdir=/bin/mkdir
ac_cv_prog_AWK=gawk
ac_cv_prog_CPP='gcc -E'
ac_cv_prog_CXXCPP='g++ -E'
ac_cv_prog_ac_ct_AR=ar
ac_cv_prog_ac_ct_CC=gcc
ac_cv_prog_ac_ct_CXX=g++
ac_cv_prog_ac_ct_RANLIB=ranlib
ac_cv_prog_ac_ct_STRIP=strip
ac_cv_prog_cc_c89=
ac_cv_prog_cc_g=yes
ac_cv_prog_cxx_g=yes
ac_cv_prog_f77_g=no
ac_cv_prog_make_make_set=yes
am_cv_CC_dependencies_compiler_type=gcc3
am_cv_CXX_dependencies_compiler_type=gcc3
lt_cv_deplibs_check_method=pass_all
lt_cv_file_magic_cmd='$MAGIC_CMD'
lt_cv_file_magic_test_file=
lt_cv_ld_reload_flag=-r
lt_cv_objdir=.libs
lt_cv_path_LD=/usr/bin/ld
lt_cv_path_LDCXX=/usr/bin/ld
lt_cv_path_NM='/usr/bin/nm -B'
lt_cv_path_SED=/bin/sed
lt_cv_prog_compiler_c_o=yes
lt_cv_prog_compiler_c_o_CXX=yes
lt_cv_prog_compiler_rtti_exceptions=no
lt_cv_prog_gnu_ld=yes
lt_cv_prog_gnu_ldcxx=yes
lt_cv_sys_global_symbol_pipe='sed -n -e '\''s/^.*[ 	]\([ABCDGIRSTW][ABCDGIRSTW]*\)[ 	][ 	]*\([_A-Za-z][_A-Za-z0-9]*\)$/\1 \2 \2/p'\'''
lt_cv_sys_global_symbol_to_c_name_address='sed -n -e '\''s/^: \([^ ]*\) $/  {\"\1\", (lt_ptr) 0},/p'\'' -e '\''s/^[BCDEGRST] \([^ ]*\) \([^ ]*\)$/  {"\2", (lt_ptr) \&\2},/p'\'''
lt_cv_sys_global_symbol_to_cdecl='sed -n -e '\''s/^. .* \(.*\)$/extern int \1;/p'\'''
lt_cv_sys_max_cmd_len=32768
lt_lt_cv_prog_compiler_c_o='"yes"'
lt_lt_cv_prog_compiler_c_o_CXX='"yes"'
lt_lt_cv_sys_global_symbol_pipe='"sed -n -e '\''s/^.*[ 	]\\([ABCDGIRSTW][ABCDGIRSTW]*\\)[ 	][ 	]*\\([_A-Za-z][_A-Za-z0-9]*\\)\$/\\1 \\2 \\2/p'\''"'
lt_lt_cv_sys_global_symbol_to_c_name_address='"sed -n -e '\''s/^: \\([^ ]*\\) \$/  {\\\"\\1\\\", (lt_ptr) 0},/p'\'' -e '\''s/^[BCDEGRST] \\([^ ]*\\) \\([^ ]*\\)\$/  {\"\\2\", (lt_ptr) \\&\\2},/p'\''"'
lt_lt_cv_sys_global_symbol_to_cdecl='"sed -n -e '\''s/^. .* \\(.*\\)\$/extern int \\1;/p'\''"'

## ----------------- ##
## Output variables. ##
## ----------------- ##

ACLOCAL='${SHELL} /usr/src/gingaUFSCAR/gingancl-cpp/missing --run aclocal-1.10'
AMDEPBACKSLASH='\'
AMDEP_FALSE='#'
AMDEP_TRUE=''
AMTAR='${SHELL} /usr/src/gingaUFSCAR/gingancl-cpp/missing --run tar'
AR='ar'
AUTOCONF='${SHELL} /usr/src/gingaUFSCAR/gingancl-cpp/missing --run autoconf'
AUTOHEADER='${SHELL} /usr/src/gingaUFSCAR/gingancl-cpp/missing --run autoheader'
AUTOMAKE='${SHELL} /usr/src/gingaUFSCAR/gingancl-cpp/missing --run automake-1.10'
AWK='gawk'
CC='gcc'
CCDEPMODE='depmode=gcc3'
CFLAGS='-fPIC -g -O2'
COMPONENTS_FALSE=''
COMPONENTS_INCS='-I/usr/local/include/ginga'
COMPONENTS_LIBS='-ldl -L/usr/local/lib/ -L/usr/local/lib/ginga/'
COMPONENTS_TRUE='#'
CPP='gcc -E'
CPPFLAGS='-I/usr/local/include/ginga/ -I/usr/local/include/ -I/usr/include/ '
CXX='g++'
CXXCPP='g++ -E'
CXXDEPMODE='depmode=gcc3'
CXXFLAGS='-fPIC -g -O2'
CYGPATH_W='echo'
DEFS='-DHAVE_CONFIG_H'
DEPDIR='.deps'
ECHO='echo'
ECHO_C=''
ECHO_N='-n'
ECHO_T=''
EGREP='/bin/grep -E'
EXEEXT=''
F77=''
FFLAGS=''
GREP='/bin/grep'
INSTALL_DATA='${INSTALL} -m 644'
INSTALL_PROGRAM='${INSTALL}'
INSTALL_SCRIPT='${INSTALL}'
INSTALL_STRIP_PROGRAM='$(install_sh) -c -s'
LDFLAGS='-L/usr/local/lib/ginga/iocontents -L/usr/local/lib/ginga/ -L/usr/local/lib/ -L/usr/lib/ '
LIBOBJS=''
LIBS='-lgingaccplayer -lgingaccsystemthread -lncl30 -ltelemidiautil '
LIBTOOL='$(SHELL) $(top_builddir)/libtool'
LN_S='ln -s'
LTLIBOBJS=''
MAKEINFO='${SHELL} /usr/src/gingaUFSCAR/gingancl-cpp/missing --run makeinfo'
NCLET_FALSE=''
NCLET_LIBS='-lrecommender'
NCLET_TRUE='#'
OBJEXT='o'
PACKAGE='gingancl'
PACKAGE_BUGREPORT=''
PACKAGE_NAME=''
PACKAGE_STRING=''
PACKAGE_TARNAME=''
PACKAGE_VERSION=''
PATH_SEPARATOR=':'
RANLIB='ranlib'
RECOMMENDER_FALSE='#'
RECOMMENDER_LIBS=''
RECOMMENDER_TRUE=''
SED='/bin/sed'
SET_MAKE=''
SHELL='/bin/sh'
STRIP='strip'
VERSION='0.11.2'
ac_ct_CC='gcc'
ac_ct_CXX='g++'
ac_ct_F77=''
am__fastdepCC_FALSE='#'
am__fastdepCC_TRUE=''
am__fastdepCXX_FALSE='#'
am__fastdepCXX_TRUE=''
am__include='include'
am__isrc=''
am__leading_dot='.'
am__quote=''
am__tar='${AMTAR} chof - "$$tardir"'
am__untar='${AMTAR} xf -'
bindir='${exec_prefix}/bin'
build='i686-pc-linux-gnu'
build_alias=''
build_cpu='i686'
build_os='linux-gnu'
build_vendor='pc'
datadir='${datarootdir}'
datarootdir='${prefix}/share'
docdir='${datarootdir}/doc/${PACKAGE}'
dvidir='${docdir}'
exec_prefix='${prefix}'
host='i686-pc-linux-gnu'
host_alias=''
host_cpu='i686'
host_os='linux-gnu'
host_vendor='pc'
htmldir='${docdir}'
includedir='${prefix}/include'
infodir='${datarootdir}/info'
install_sh='$(SHELL) /usr/src/gingaUFSCAR/gingancl-cpp/install-sh'
libdir='${exec_prefix}/lib'
libexecdir='${exec_prefix}/libexec'
localedir='${datarootdir}/locale'
localstatedir='${prefix}/var'
mandir='${datarootdir}/man'
mkdir_p='/bin/mkdir -p'
oldincludedir='/usr/include'
pdfdir='${docdir}'
prefix='/usr/local'
program_transform_name='s,x,x,'
psdir='${docdir}'
sbindir='${exec_prefix}/sbin'
sharedstatedir='${prefix}/com'
sysconfdir='${prefix}/etc'
target_alias=''

## ----------- ##
## confdefs.h. ##
## ----------- ##

#define PACKAGE_NAME ""
#define PACKAGE_TARNAME ""
#define PACKAGE_VERSION ""
#define PACKAGE_STRING ""
#define PACKAGE_BUGREPORT ""
#define PACKAGE "gingancl"
#define VERSION "0.11.2"
#define STDC_HEADERS 1
#define HAVE_SYS_TYPES_H 1
#define HAVE_SYS_STAT_H 1
#define HAVE_STDLIB_H 1
#define HAVE_STRING_H 1
#define HAVE_MEMORY_H 1
#define HAVE_STRINGS_H 1
#define HAVE_INTTYPES_H 1
#define HAVE_STDINT_H 1
#define HAVE_UNISTD_H 1
#define HAVE_DLFCN_H 1
#define HAVE_RECOMMENDER 1
#define HAVE_LIBTELEMIDIAUTIL 1
#define HAVE_LIBNCL30 1
#define HAVE_LIBGINGACCSYSTEMTHREAD 1
#define HAVE_LIBGINGACCPLAYER 1
#define HAVE_COMPSUPPORT 1

configure: exit 0
