This file contains any messages produced by compilers while
running configure, to aid debugging if configure makes a mistake.

It was created by configure, which was
generated by GNU Autoconf 2.61.  Invocation command line was

  $ ./configure 

## --------- ##
## Platform. ##
## --------- ##

hostname = gingavm.telemidia.puc-rio.br
uname -m = i686
uname -r = 2.6.23.17-88.fc7
uname -s = Linux
uname -v = #1 SMP Thu May 15 00:35:10 EDT 2008

/usr/bin/uname -p = unknown
/bin/uname -X     = unknown

/bin/arch              = i686
/usr/bin/arch -k       = unknown
/usr/convex/getsysinfo = unknown
/usr/bin/hostinfo      = unknown
/bin/machine           = unknown
/usr/bin/oslevel       = unknown
/bin/universe          = unknown

PATH: /usr/kerberos/sbin
PATH: /usr/kerberos/bin
PATH: /usr/local/sbin
PATH: /usr/local/bin
PATH: /sbin
PATH: /bin
PATH: /usr/sbin
PATH: /usr/bin
PATH: /root/bin


## ----------- ##
## Core tests. ##
## ----------- ##

configure:1979: checking for a BSD-compatible install
configure:2035: result: /usr/bin/install -c
configure:2046: checking whether build environment is sane
configure:2089: result: yes
configure:2117: checking for a thread-safe mkdir -p
configure:2156: result: /bin/mkdir -p
configure:2169: checking for gawk
configure:2185: found /bin/gawk
configure:2196: result: gawk
configure:2207: checking whether make sets $(MAKE)
configure:2228: result: yes
configure:2481: checking for g++
configure:2497: found /usr/bin/g++
configure:2508: result: g++
configure:2539: checking for C++ compiler version
configure:2546: g++ --version >&5
g++ (GCC) 4.1.2 20070925 (Red Hat 4.1.2-27)
Copyright (C) 2006 Free Software Foundation, Inc.
This is free software; see the source for copying conditions.  There is NO
warranty; not even for MERCHANTABILITY or FITNESS FOR A PARTICULAR PURPOSE.

configure:2549: $? = 0
configure:2556: g++ -v >&5
Using built-in specs.
Target: i386-redhat-linux
Configured with: ../configure --prefix=/usr --mandir=/usr/share/man --infodir=/usr/share/info --enable-shared --enable-threads=posix --enable-checking=release --with-system-zlib --enable-__cxa_atexit --disable-libunwind-exceptions --enable-languages=c,c++,objc,obj-c++,java,fortran,ada --enable-java-awt=gtk --disable-dssi --enable-plugin --with-java-home=/usr/lib/jvm/java-1.5.0-gcj-1.5.0.0/jre --enable-libgcj-multifile --enable-java-maintainer-mode --with-ecj-jar=/usr/share/java/eclipse-ecj.jar --with-cpu=generic --host=i386-redhat-linux
Thread model: posix
gcc version 4.1.2 20070925 (Red Hat 4.1.2-27)
configure:2559: $? = 0
configure:2566: g++ -V >&5
g++: '-V' option must have argument
configure:2569: $? = 1
configure:2592: checking for C++ compiler default output file name
configure:2619: g++    conftest.cpp  >&5
configure:2622: $? = 0
configure:2660: result: a.out
configure:2677: checking whether the C++ compiler works
configure:2687: ./a.out
configure:2690: $? = 0
configure:2707: result: yes
configure:2714: checking whether we are cross compiling
configure:2716: result: no
configure:2719: checking for suffix of executables
configure:2726: g++ -o conftest    conftest.cpp  >&5
configure:2729: $? = 0
configure:2753: result: 
configure:2759: checking for suffix of object files
configure:2785: g++ -c   conftest.cpp >&5
configure:2788: $? = 0
configure:2811: result: o
configure:2815: checking whether we are using the GNU C++ compiler
configure:2844: g++ -c   conftest.cpp >&5
configure:2850: $? = 0
configure:2867: result: yes
configure:2872: checking whether g++ accepts -g
configure:2902: g++ -c -g  conftest.cpp >&5
configure:2908: $? = 0
configure:3007: result: yes
configure:3041: checking for style of include used by make
configure:3069: result: GNU
configure:3094: checking dependency style of g++
configure:3185: result: gcc3
configure:3278: checking build system type
configure:3296: result: i686-pc-linux-gnu
configure:3318: checking host system type
configure:3333: result: i686-pc-linux-gnu
configure:3403: checking for gcc
configure:3419: found /usr/bin/gcc
configure:3430: result: gcc
configure:3668: checking for C compiler version
configure:3675: gcc --version >&5
gcc (GCC) 4.1.2 20070925 (Red Hat 4.1.2-27)
Copyright (C) 2006 Free Software Foundation, Inc.
This is free software; see the source for copying conditions.  There is NO
warranty; not even for MERCHANTABILITY or FITNESS FOR A PARTICULAR PURPOSE.

configure:3678: $? = 0
configure:3685: gcc -v >&5
Using built-in specs.
Target: i386-redhat-linux
Configured with: ../configure --prefix=/usr --mandir=/usr/share/man --infodir=/usr/share/info --enable-shared --enable-threads=posix --enable-checking=release --with-system-zlib --enable-__cxa_atexit --disable-libunwind-exceptions --enable-languages=c,c++,objc,obj-c++,java,fortran,ada --enable-java-awt=gtk --disable-dssi --enable-plugin --with-java-home=/usr/lib/jvm/java-1.5.0-gcj-1.5.0.0/jre --enable-libgcj-multifile --enable-java-maintainer-mode --with-ecj-jar=/usr/share/java/eclipse-ecj.jar --with-cpu=generic --host=i386-redhat-linux
Thread model: posix
gcc version 4.1.2 20070925 (Red Hat 4.1.2-27)
configure:3688: $? = 0
configure:3695: gcc -V >&5
gcc: '-V' option must have argument
configure:3698: $? = 1
configure:3701: checking whether we are using the GNU C compiler
configure:3730: gcc -c   conftest.c >&5
configure:3736: $? = 0
configure:3753: result: yes
configure:3758: checking whether gcc accepts -g
configure:3788: gcc -c -g  conftest.c >&5
configure:3794: $? = 0
configure:3893: result: yes
configure:3910: checking for gcc option to accept ISO C89
configure:3984: gcc  -c -g -O2  conftest.c >&5
configure:3990: $? = 0
configure:4013: result: none needed
configure:4033: checking dependency style of gcc
configure:4124: result: gcc3
configure:4139: checking for a sed that does not truncate output
configure:4195: result: /bin/sed
configure:4198: checking for grep that handles long lines and -e
configure:4272: result: /bin/grep
configure:4277: checking for egrep
configure:4355: result: /bin/grep -E
configure:4371: checking for ld used by gcc
configure:4438: result: /usr/bin/ld
configure:4447: checking if the linker (/usr/bin/ld) is GNU ld
configure:4462: result: yes
configure:4467: checking for /usr/bin/ld option to reload object files
configure:4474: result: -r
configure:4492: checking for BSD-compatible nm
configure:4541: result: /usr/bin/nm -B
configure:4545: checking whether ln -s works
configure:4549: result: yes
configure:4556: checking how to recognise dependent libraries
configure:4732: result: pass_all
configure:4966: checking how to run the C preprocessor
configure:5006: gcc -E  conftest.c
configure:5012: $? = 0
configure:5043: gcc -E  conftest.c
conftest.c:10:28: error: ac_nonexistent.h: No such file or directory
configure:5049: $? = 1
configure: failed program was:
| /* confdefs.h.  */
| #define PACKAGE_NAME ""
| #define PACKAGE_TARNAME ""
| #define PACKAGE_VERSION ""
| #define PACKAGE_STRING ""
| #define PACKAGE_BUGREPORT ""
| #define PACKAGE "gingacc-contextmanager"
| #define VERSION "0.11.2"
| /* end confdefs.h.  */
| #include <ac_nonexistent.h>
configure:5082: result: gcc -E
configure:5111: gcc -E  conftest.c
configure:5117: $? = 0
configure:5148: gcc -E  conftest.c
conftest.c:10:28: error: ac_nonexistent.h: No such file or directory
configure:5154: $? = 1
configure: failed program was:
| /* confdefs.h.  */
| #define PACKAGE_NAME ""
| #define PACKAGE_TARNAME ""
| #define PACKAGE_VERSION ""
| #define PACKAGE_STRING ""
| #define PACKAGE_BUGREPORT ""
| #define PACKAGE "gingacc-contextmanager"
| #define VERSION "0.11.2"
| /* end confdefs.h.  */
| #include <ac_nonexistent.h>
configure:5192: checking for ANSI C header files
configure:5222: gcc -c -g -O2  conftest.c >&5
configure:5228: $? = 0
configure:5327: gcc -o conftest -g -O2   conftest.c  >&5
configure:5330: $? = 0
configure:5336: ./conftest
configure:5339: $? = 0
configure:5356: result: yes
configure:5380: checking for sys/types.h
configure:5401: gcc -c -g -O2  conftest.c >&5
configure:5407: $? = 0
configure:5423: result: yes
configure:5380: checking for sys/stat.h
configure:5401: gcc -c -g -O2  conftest.c >&5
configure:5407: $? = 0
configure:5423: result: yes
configure:5380: checking for stdlib.h
configure:5401: gcc -c -g -O2  conftest.c >&5
configure:5407: $? = 0
configure:5423: result: yes
configure:5380: checking for string.h
configure:5401: gcc -c -g -O2  conftest.c >&5
configure:5407: $? = 0
configure:5423: result: yes
configure:5380: checking for memory.h
configure:5401: gcc -c -g -O2  conftest.c >&5
configure:5407: $? = 0
configure:5423: result: yes
configure:5380: checking for strings.h
configure:5401: gcc -c -g -O2  conftest.c >&5
configure:5407: $? = 0
configure:5423: result: yes
configure:5380: checking for inttypes.h
configure:5401: gcc -c -g -O2  conftest.c >&5
configure:5407: $? = 0
configure:5423: result: yes
configure:5380: checking for stdint.h
configure:5401: gcc -c -g -O2  conftest.c >&5
configure:5407: $? = 0
configure:5423: result: yes
configure:5380: checking for unistd.h
configure:5401: gcc -c -g -O2  conftest.c >&5
configure:5407: $? = 0
configure:5423: result: yes
configure:5450: checking dlfcn.h usability
configure:5467: gcc -c -g -O2  conftest.c >&5
configure:5473: $? = 0
configure:5487: result: yes
configure:5491: checking dlfcn.h presence
configure:5506: gcc -E  conftest.c
configure:5512: $? = 0
configure:5526: result: yes
configure:5554: checking for dlfcn.h
configure:5562: result: yes
configure:5585: checking how to run the C++ preprocessor
configure:5621: g++ -E  conftest.cpp
configure:5627: $? = 0
configure:5658: g++ -E  conftest.cpp
conftest.cpp:21:28: error: ac_nonexistent.h: No such file or directory
configure:5664: $? = 1
configure: failed program was:
| /* confdefs.h.  */
| #define PACKAGE_NAME ""
| #define PACKAGE_TARNAME ""
| #define PACKAGE_VERSION ""
| #define PACKAGE_STRING ""
| #define PACKAGE_BUGREPORT ""
| #define PACKAGE "gingacc-contextmanager"
| #define VERSION "0.11.2"
| #define STDC_HEADERS 1
| #define HAVE_SYS_TYPES_H 1
| #define HAVE_SYS_STAT_H 1
| #define HAVE_STDLIB_H 1
| #define HAVE_STRING_H 1
| #define HAVE_MEMORY_H 1
| #define HAVE_STRINGS_H 1
| #define HAVE_INTTYPES_H 1
| #define HAVE_STDINT_H 1
| #define HAVE_UNISTD_H 1
| #define HAVE_DLFCN_H 1
| /* end confdefs.h.  */
| #include <ac_nonexistent.h>
configure:5697: result: g++ -E
configure:5726: g++ -E  conftest.cpp
configure:5732: $? = 0
configure:5763: g++ -E  conftest.cpp
conftest.cpp:21:28: error: ac_nonexistent.h: No such file or directory
configure:5769: $? = 1
configure: failed program was:
| /* confdefs.h.  */
| #define PACKAGE_NAME ""
| #define PACKAGE_TARNAME ""
| #define PACKAGE_VERSION ""
| #define PACKAGE_STRING ""
| #define PACKAGE_BUGREPORT ""
| #define PACKAGE "gingacc-contextmanager"
| #define VERSION "0.11.2"
| #define STDC_HEADERS 1
| #define HAVE_SYS_TYPES_H 1
| #define HAVE_SYS_STAT_H 1
| #define HAVE_STDLIB_H 1
| #define HAVE_STRING_H 1
| #define HAVE_MEMORY_H 1
| #define HAVE_STRINGS_H 1
| #define HAVE_INTTYPES_H 1
| #define HAVE_STDINT_H 1
| #define HAVE_UNISTD_H 1
| #define HAVE_DLFCN_H 1
| /* end confdefs.h.  */
| #include <ac_nonexistent.h>
configure:5862: checking for g77
configure:5892: result: no
configure:5862: checking for xlf
configure:5892: result: no
configure:5862: checking for f77
configure:5892: result: no
configure:5862: checking for frt
configure:5892: result: no
configure:5862: checking for pgf77
configure:5892: result: no
configure:5862: checking for cf77
configure:5892: result: no
configure:5862: checking for fort77
configure:5892: result: no
configure:5862: checking for fl32
configure:5892: result: no
configure:5862: checking for af77
configure:5892: result: no
configure:5862: checking for xlf90
configure:5892: result: no
configure:5862: checking for f90
configure:5892: result: no
configure:5862: checking for pgf90
configure:5892: result: no
configure:5862: checking for pghpf
configure:5892: result: no
configure:5862: checking for epcf90
configure:5892: result: no
configure:5862: checking for gfortran
configure:5892: result: no
configure:5862: checking for g95
configure:5892: result: no
configure:5862: checking for xlf95
configure:5892: result: no
configure:5862: checking for f95
configure:5892: result: no
configure:5862: checking for fort
configure:5892: result: no
configure:5862: checking for ifort
configure:5892: result: no
configure:5862: checking for ifc
configure:5892: result: no
configure:5862: checking for efc
configure:5892: result: no
configure:5862: checking for pgf95
configure:5892: result: no
configure:5862: checking for lf95
configure:5892: result: no
configure:5862: checking for ftn
configure:5892: result: no
configure:5919: checking for Fortran 77 compiler version
configure:5926:  --version >&5
./configure: line 5927: --version: command not found
configure:5929: $? = 127
configure:5936:  -v >&5
./configure: line 5937: -v: command not found
configure:5939: $? = 127
configure:5946:  -V >&5
./configure: line 5947: -V: command not found
configure:5949: $? = 127
configure:5957: checking whether we are using the GNU Fortran 77 compiler
configure:5976:  -c  conftest.F >&5
./configure: line 5977: -c: command not found
configure:5982: $? = 127
configure: failed program was:
|       program main
| #ifndef __GNUC__
|        choke me
| #endif
| 
|       end
configure:5999: result: no
configure:6005: checking whether  accepts -g
configure:6022:  -c -g conftest.f >&5
./configure: line 6023: -c: command not found
configure:6028: $? = 127
configure: failed program was:
|       program main
| 
|       end
configure:6044: result: no
configure:6074: checking the maximum length of command line arguments
configure:6183: result: 32768
configure:6194: checking command to parse /usr/bin/nm -B output from gcc object
configure:6299: g++ -c -g -O2  conftest.cpp >&5
configure:6302: $? = 0
configure:6306: /usr/bin/nm -B conftest.o \| sed -n -e 's/^.*[ 	]\([ABCDGIRSTW][ABCDGIRSTW]*\)[ 	][ 	]*\([_A-Za-z][_A-Za-z0-9]*\)$/\1 \2 \2/p' \> conftest.nm
configure:6309: $? = 0
configure:6361: g++ -o conftest -g -O2   conftest.cpp conftstm.o >&5
configure:6364: $? = 0
configure:6402: result: ok
configure:6406: checking for objdir
configure:6421: result: .libs
configure:6513: checking for ar
configure:6529: found /usr/bin/ar
configure:6540: result: ar
configure:6609: checking for ranlib
configure:6625: found /usr/bin/ranlib
configure:6636: result: ranlib
configure:6705: checking for strip
configure:6721: found /usr/bin/strip
configure:6732: result: strip
configure:7018: checking if gcc supports -fno-rtti -fno-exceptions
configure:7036: gcc -c -g -O2  -fno-rtti -fno-exceptions conftest.c >&5
cc1: warning: command line option "-fno-rtti" is valid for C++/ObjC++ but not for C
configure:7040: $? = 0
configure:7053: result: no
configure:7068: checking for gcc option to produce PIC
configure:7278: result: -fPIC
configure:7286: checking if gcc PIC flag -fPIC works
configure:7304: gcc -c -g -O2  -fPIC -DPIC conftest.c >&5
configure:7308: $? = 0
configure:7321: result: yes
configure:7349: checking if gcc static flag -static works
configure:7377: result: yes
configure:7387: checking if gcc supports -c -o file.o
configure:7408: gcc -c -g -O2  -o out/conftest2.o conftest.c >&5
configure:7412: $? = 0
configure:7434: result: yes
configure:7460: checking whether the gcc linker (/usr/bin/ld) supports shared libraries
configure:8414: result: yes
configure:8435: checking whether -lc should be explicitly linked in
configure:8440: gcc -c -g -O2  conftest.c >&5
configure:8443: $? = 0
configure:8458: gcc -shared conftest.o  -v -Wl,-soname -Wl,conftest -o conftest 2\>\&1 \| grep  -lc  \>/dev/null 2\>\&1
configure:8461: $? = 0
configure:8473: result: no
configure:8481: checking dynamic linker characteristics
configure:9090: result: GNU/Linux ld.so
configure:9099: checking how to hardcode library paths into programs
configure:9124: result: immediate
configure:9138: checking whether stripping libraries is possible
configure:9143: result: yes
configure:9944: checking if libtool supports shared libraries
configure:9946: result: yes
configure:9949: checking whether to build shared libraries
configure:9970: result: yes
configure:9973: checking whether to build static libraries
configure:9977: result: yes
configure:10069: creating libtool
configure:10657: checking for ld used by g++
configure:10724: result: /usr/bin/ld
configure:10733: checking if the linker (/usr/bin/ld) is GNU ld
configure:10748: result: yes
configure:10799: checking whether the g++ linker (/usr/bin/ld) supports shared libraries
configure:11733: result: yes
configure:11751: g++ -c -g -O2  conftest.cpp >&5
configure:11754: $? = 0
configure:11873: checking for g++ option to produce PIC
configure:12147: result: -fPIC
configure:12155: checking if g++ PIC flag -fPIC works
configure:12173: g++ -c -g -O2  -fPIC -DPIC conftest.cpp >&5
configure:12177: $? = 0
configure:12190: result: yes
configure:12218: checking if g++ static flag -static works
configure:12246: result: yes
configure:12256: checking if g++ supports -c -o file.o
configure:12277: g++ -c -g -O2  -o out/conftest2.o conftest.cpp >&5
configure:12281: $? = 0
configure:12303: result: yes
configure:12329: checking whether the g++ linker (/usr/bin/ld) supports shared libraries
configure:12354: result: yes
configure:12421: checking dynamic linker characteristics
configure:13030: result: GNU/Linux ld.so
configure:13039: checking how to hardcode library paths into programs
configure:13064: result: immediate
configure:19282: checking lua.h usability
configure:19299: g++ -c -fPIC -g -O2 -I/usr/local/include/ginga/ -I/usr/local/include/ -I/usr/include/  conftest.cpp >&5
configure:19305: $? = 0
configure:19319: result: yes
configure:19323: checking lua.h presence
configure:19338: g++ -E -I/usr/local/include/ginga/ -I/usr/local/include/ -I/usr/include/  conftest.cpp
configure:19344: $? = 0
configure:19358: result: yes
configure:19386: checking for lua.h
configure:19393: result: yes
configure:19430: checking system/io/interface/IIOContainer.h usability
configure:19447: g++ -c -fPIC -g -O2 -I/usr/local/include/ginga/ -I/usr/local/include/ -I/usr/include/  conftest.cpp >&5
configure:19453: $? = 0
configure:19467: result: yes
configure:19471: checking system/io/interface/IIOContainer.h presence
configure:19486: g++ -E -I/usr/local/include/ginga/ -I/usr/local/include/ -I/usr/include/  conftest.cpp
configure:19492: $? = 0
configure:19506: result: yes
configure:19534: checking for system/io/interface/IIOContainer.h
configure:19541: result: yes
configure:19789: result: *** Component support will be built.
configure:19942: creating ./config.status

## ---------------------- ##
## Running config.status. ##
## ---------------------- ##

This file was extended by config.status, which was
generated by GNU Autoconf 2.61.  Invocation command line was

  CONFIG_FILES    = 
  CONFIG_HEADERS  = 
  CONFIG_LINKS    = 
  CONFIG_COMMANDS = 
  $ ./config.status 

on gingavm.telemidia.puc-rio.br

config.status:675: creating Makefile
config.status:675: creating files/Makefile
config.status:675: creating include/Makefile
config.status:675: creating include/system/Makefile
config.status:675: creating include/user/Makefile
config.status:675: creating src/Makefile
config.status:675: creating test/Makefile
config.status:675: creating config.h
config.status:903: config.h is unchanged
config.status:949: executing depfiles commands

## ---------------- ##
## Cache variables. ##
## ---------------- ##

ac_cv_build=i686-pc-linux-gnu
ac_cv_c_compiler_gnu=yes
ac_cv_cxx_compiler_gnu=yes
ac_cv_env_CCC_set=
ac_cv_env_CCC_value=
ac_cv_env_CC_set=
ac_cv_env_CC_value=
ac_cv_env_CFLAGS_set=
ac_cv_env_CFLAGS_value=
ac_cv_env_CPPFLAGS_set=
ac_cv_env_CPPFLAGS_value=
ac_cv_env_CPP_set=
ac_cv_env_CPP_value=
ac_cv_env_CXXCPP_set=
ac_cv_env_CXXCPP_value=
ac_cv_env_CXXFLAGS_set=
ac_cv_env_CXXFLAGS_value=
ac_cv_env_CXX_set=
ac_cv_env_CXX_value=
ac_cv_env_F77_set=
ac_cv_env_F77_value=
ac_cv_env_FFLAGS_set=
ac_cv_env_FFLAGS_value=
ac_cv_env_LDFLAGS_set=
ac_cv_env_LDFLAGS_value=
ac_cv_env_LIBS_set=
ac_cv_env_LIBS_value=
ac_cv_env_build_alias_set=
ac_cv_env_build_alias_value=
ac_cv_env_host_alias_set=
ac_cv_env_host_alias_value=
ac_cv_env_target_alias_set=
ac_cv_env_target_alias_value=
ac_cv_f77_compiler_gnu=no
ac_cv_header_dlfcn_h=yes
ac_cv_header_inttypes_h=yes
ac_cv_header_lua_h=yes
ac_cv_header_memory_h=yes
ac_cv_header_stdc=yes
ac_cv_header_stdint_h=yes
ac_cv_header_stdlib_h=yes
ac_cv_header_string_h=yes
ac_cv_header_strings_h=yes
ac_cv_header_sys_stat_h=yes
ac_cv_header_sys_types_h=yes
ac_cv_header_system_io_interface_IIOContainer_h=yes
ac_cv_header_unistd_h=yes
ac_cv_host=i686-pc-linux-gnu
ac_cv_objext=o
ac_cv_path_EGREP='/bin/grep -E'
ac_cv_path_GREP=/bin/grep
ac_cv_path_install='/usr/bin/install -c'
ac_cv_path_mkdir=/bin/mkdir
ac_cv_prog_AWK=gawk
ac_cv_prog_CPP='gcc -E'
ac_cv_prog_CXXCPP='g++ -E'
ac_cv_prog_ac_ct_AR=ar
ac_cv_prog_ac_ct_CC=gcc
ac_cv_prog_ac_ct_CXX=g++
ac_cv_prog_ac_ct_RANLIB=ranlib
ac_cv_prog_ac_ct_STRIP=strip
ac_cv_prog_cc_c89=
ac_cv_prog_cc_g=yes
ac_cv_prog_cxx_g=yes
ac_cv_prog_f77_g=no
ac_cv_prog_make_make_set=yes
am_cv_CC_dependencies_compiler_type=gcc3
am_cv_CXX_dependencies_compiler_type=gcc3
lt_cv_deplibs_check_method=pass_all
lt_cv_file_magic_cmd='$MAGIC_CMD'
lt_cv_file_magic_test_file=
lt_cv_ld_reload_flag=-r
lt_cv_objdir=.libs
lt_cv_path_LD=/usr/bin/ld
lt_cv_path_LDCXX=/usr/bin/ld
lt_cv_path_NM='/usr/bin/nm -B'
lt_cv_path_SED=/bin/sed
lt_cv_prog_compiler_c_o=yes
lt_cv_prog_compiler_c_o_CXX=yes
lt_cv_prog_compiler_rtti_exceptions=no
lt_cv_prog_gnu_ld=yes
lt_cv_prog_gnu_ldcxx=yes
lt_cv_sys_global_symbol_pipe='sed -n -e '\''s/^.*[ 	]\([ABCDGIRSTW][ABCDGIRSTW]*\)[ 	][ 	]*\([_A-Za-z][_A-Za-z0-9]*\)$/\1 \2 \2/p'\'''
lt_cv_sys_global_symbol_to_c_name_address='sed -n -e '\''s/^: \([^ ]*\) $/  {\"\1\", (lt_ptr) 0},/p'\'' -e '\''s/^[BCDEGRST] \([^ ]*\) \([^ ]*\)$/  {"\2", (lt_ptr) \&\2},/p'\'''
lt_cv_sys_global_symbol_to_cdecl='sed -n -e '\''s/^. .* \(.*\)$/extern int \1;/p'\'''
lt_cv_sys_max_cmd_len=32768
lt_lt_cv_prog_compiler_c_o='"yes"'
lt_lt_cv_prog_compiler_c_o_CXX='"yes"'
lt_lt_cv_sys_global_symbol_pipe='"sed -n -e '\''s/^.*[ 	]\\([ABCDGIRSTW][ABCDGIRSTW]*\\)[ 	][ 	]*\\([_A-Za-z][_A-Za-z0-9]*\\)\$/\\1 \\2 \\2/p'\''"'
lt_lt_cv_sys_global_symbol_to_c_name_address='"sed -n -e '\''s/^: \\([^ ]*\\) \$/  {\\\"\\1\\\", (lt_ptr) 0},/p'\'' -e '\''s/^[BCDEGRST] \\([^ ]*\\) \\([^ ]*\\)\$/  {\"\\2\", (lt_ptr) \\&\\2},/p'\''"'
lt_lt_cv_sys_global_symbol_to_cdecl='"sed -n -e '\''s/^. .* \\(.*\\)\$/extern int \\1;/p'\''"'

## ----------------- ##
## Output variables. ##
## ----------------- ##

ACLOCAL='${SHELL} /usr/src/gingaUFSCAR/gingacc-cpp/gingacc-contextmanager/missing --run aclocal-1.10'
AMDEPBACKSLASH='\'
AMDEP_FALSE='#'
AMDEP_TRUE=''
AMTAR='${SHELL} /usr/src/gingaUFSCAR/gingacc-cpp/gingacc-contextmanager/missing --run tar'
AR='ar'
AUTOCONF='${SHELL} /usr/src/gingaUFSCAR/gingacc-cpp/gingacc-contextmanager/missing --run autoconf'
AUTOHEADER='${SHELL} /usr/src/gingaUFSCAR/gingacc-cpp/gingacc-contextmanager/missing --run autoheader'
AUTOMAKE='${SHELL} /usr/src/gingaUFSCAR/gingacc-cpp/gingacc-contextmanager/missing --run automake-1.10'
AWK='gawk'
CC='gcc'
CCDEPMODE='depmode=gcc3'
CFLAGS='-fPIC -g -O2'
COMPONENTS_FALSE=''
COMPONENTS_LIBS='-ldl -L/usr/local/lib/ginga/'
COMPONENTS_TRUE='#'
CPP='gcc -E'
CPPFLAGS='-I/usr/local/include/ginga/ -I/usr/local/include/ -I/usr/include/ '
CXX='g++'
CXXCPP='g++ -E'
CXXDEPMODE='depmode=gcc3'
CXXFLAGS='-fPIC -g -O2'
CYGPATH_W='echo'
DEFS='-DHAVE_CONFIG_H'
DEPDIR='.deps'
ECHO='echo'
ECHO_C=''
ECHO_N='-n'
ECHO_T=''
EGREP='/bin/grep -E'
EXEEXT=''
F77=''
FFLAGS=''
GREP='/bin/grep'
INSTALL_DATA='${INSTALL} -m 644'
INSTALL_PROGRAM='${INSTALL}'
INSTALL_SCRIPT='${INSTALL}'
INSTALL_STRIP_PROGRAM='$(install_sh) -c -s'
LDFLAGS='-L/usr/local/lib/ginga/iocontents -L/usr/local/lib/ginga/ -L/usr/local/lib/ -L/usr/lib/ '
LIBOBJS=''
LIBS=''
LIBTOOL='$(SHELL) $(top_builddir)/libtool'
LN_S='ln -s'
LTLIBOBJS=''
MAKEINFO='${SHELL} /usr/src/gingaUFSCAR/gingacc-cpp/gingacc-contextmanager/missing --run makeinfo'
OBJEXT='o'
PACKAGE='gingacc-contextmanager'
PACKAGE_BUGREPORT=''
PACKAGE_NAME=''
PACKAGE_STRING=''
PACKAGE_TARNAME=''
PACKAGE_VERSION=''
PATH_SEPARATOR=':'
RANLIB='ranlib'
RECOMMENDER_FALSE=''
RECOMMENDER_LIBS=''
RECOMMENDER_TRUE='#'
SED='/bin/sed'
SET_MAKE=''
SHELL='/bin/sh'
STRIP='strip'
TEST_COMPONENTS_LIBS='-ldl -L/usr/local/lib/ginga/'
VERSION='0.11.2'
ac_ct_CC='gcc'
ac_ct_CXX='g++'
ac_ct_F77=''
am__fastdepCC_FALSE='#'
am__fastdepCC_TRUE=''
am__fastdepCXX_FALSE='#'
am__fastdepCXX_TRUE=''
am__include='include'
am__isrc=''
am__leading_dot='.'
am__quote=''
am__tar='${AMTAR} chof - "$$tardir"'
am__untar='${AMTAR} xf -'
bindir='${exec_prefix}/bin'
build='i686-pc-linux-gnu'
build_alias=''
build_cpu='i686'
build_os='linux-gnu'
build_vendor='pc'
datadir='${datarootdir}'
datarootdir='${prefix}/share'
docdir='${datarootdir}/doc/${PACKAGE}'
dvidir='${docdir}'
exec_prefix='${prefix}'
host='i686-pc-linux-gnu'
host_alias=''
host_cpu='i686'
host_os='linux-gnu'
host_vendor='pc'
htmldir='${docdir}'
includedir='${prefix}/include'
infodir='${datarootdir}/info'
install_sh='$(SHELL) /usr/src/gingaUFSCAR/gingacc-cpp/gingacc-contextmanager/install-sh'
libdir='${exec_prefix}/lib'
libexecdir='${exec_prefix}/libexec'
localedir='${datarootdir}/locale'
localstatedir='${prefix}/var'
mandir='${datarootdir}/man'
mkdir_p='/bin/mkdir -p'
oldincludedir='/usr/include'
pdfdir='${docdir}'
prefix='/usr/local'
program_transform_name='s,x,x,'
psdir='${docdir}'
sbindir='${exec_prefix}/sbin'
sharedstatedir='${prefix}/com'
sysconfdir='${prefix}/etc'
target_alias=''

## ----------- ##
## confdefs.h. ##
## ----------- ##

#define PACKAGE_NAME ""
#define PACKAGE_TARNAME ""
#define PACKAGE_VERSION ""
#define PACKAGE_STRING ""
#define PACKAGE_BUGREPORT ""
#define PACKAGE "gingacc-contextmanager"
#define VERSION "0.11.2"
#define STDC_HEADERS 1
#define HAVE_SYS_TYPES_H 1
#define HAVE_SYS_STAT_H 1
#define HAVE_STDLIB_H 1
#define HAVE_STRING_H 1
#define HAVE_MEMORY_H 1
#define HAVE_STRINGS_H 1
#define HAVE_INTTYPES_H 1
#define HAVE_STDINT_H 1
#define HAVE_UNISTD_H 1
#define HAVE_DLFCN_H 1
#define HAVE_COMPSUPPORT 1

configure: exit 0
